<?xml version="1.0" encoding="UTF-8"?>
<!-- Generated by org.testng.reporters.JUnitXMLReporter -->
<testsuite ignored="0" hostname="DESKTOP-ALPJP0F" failures="1" tests="2" name="Test" time="29.543" errors="0" timestamp="2022-10-21T20:02:56 IST">
  <testcase classname="swayam.testcases.loginPageErrorMessageValidationTest" name="validateErrorMessage" time="0.631">
    <failure type="java.lang.AssertionError" message="expected [Incorrect email or password.] but found [Login Successfully]">
      <![CDATA[java.lang.AssertionError: expected [Incorrect email or password.] but found [Login Successfully]
at swayam.testcases.loginPageErrorMessageValidationTest.validateErrorMessage(loginPageErrorMessageValidationTest.java:22)
at java.base/java.util.ArrayList.forEach(ArrayList.java:1511)
... Removed 33 stack frames]]>
    </failure>
  </testcase> <!-- validateErrorMessage -->
  <testcase classname="swayam.testcases.loginPageErrorMessageValidationTest" name="validateErrorMessage" time="1.12"/>
</testsuite> <!-- Test -->
